[debug] [2025-10-27T16:10:40.432Z] ----------------------------------------------------------------------
[debug] [2025-10-27T16:10:40.439Z] Command:       /Users/gauravbhalala/.nvm/versions/node/v22.21.0/bin/node /Users/gauravbhalala/.nvm/versions/node/v22.21.0/bin/firebase init
[debug] [2025-10-27T16:10:40.439Z] CLI Version:   14.22.0
[debug] [2025-10-27T16:10:40.439Z] Platform:      darwin
[debug] [2025-10-27T16:10:40.439Z] Node Version:  v22.21.0
[debug] [2025-10-27T16:10:40.439Z] Time:          Mon Oct 27 2025 17:10:40 GMT+0100 (Central European Standard Time)
[debug] [2025-10-27T16:10:40.439Z] ----------------------------------------------------------------------
[debug] 
[info] 
     ######## #### ########  ######## ########     ###     ######  ########
     ##        ##  ##     ## ##       ##     ##  ##   ##  ##       ##
     ######    ##  ########  ######   ########  #########  ######  ######
     ##        ##  ##    ##  ##       ##     ## ##     ##       ## ##
     ##       #### ##     ## ######## ########  ##     ##  ######  ########

You're about to initialize a Firebase project in this directory:

  /Users/gauravbhalala/projects/dsp-kpi

[debug] [2025-10-27T16:11:32.952Z] ExitPromptError: User force closed the prompt with SIGINT
    at Interface.sigint (/Users/gauravbhalala/.nvm/versions/node/v22.21.0/lib/node_modules/firebase-tools/node_modules/@inquirer/core/dist/commonjs/lib/create-prompt.js:101:37)
    at Interface.emit (node:events:519:28)
    at Interface.emit (node:domain:489:12)
    at [_ttyWrite] [as _ttyWrite] (node:internal/readline/interface:1134:18)
    at ReadStream.onkeypress (node:internal/readline/interface:271:20)
    at ReadStream.emit (node:events:531:35)
    at ReadStream.emit (node:domain:489:12)
    at emitKeys (node:internal/readline/utils:370:14)
    at emitKeys.next (<anonymous>)
    at ReadStream.onData (node:internal/readline/emitKeypressEvents:64:36)
[error] 
[error] Error: An unexpected error has occurred.
